Starting Dynare (version 7-unstable-2025-10-09-2238-5833876e).
Calling Dynare with arguments: none
Starting preprocessing of the model file ...
Found 4 equation(s).
Evaluating expressions...
Computing static model derivatives (order 1).
Normalizing the static model...
Finding the optimal block decomposition of the static model...
3 block(s) found:
  2 recursive block(s) and 1 simultaneous block(s).
  the largest simultaneous block has 2 equation(s)
                                 and 2 feedback variable(s).
Computing dynamic model derivatives (order 2).
Normalizing the dynamic model...
Finding the optimal block decomposition of the dynamic model...
2 block(s) found:
  1 recursive block(s) and 1 simultaneous block(s).
  the largest simultaneous block has 2 equation(s)
                                 and 2 feedback variable(s).
Preprocessing completed.
Preprocessing time: 0h00m00s.

MODEL SUMMARY

  Number of variables:         4
  Number of stochastic shocks: 2
  Number of state variables:   3
  Number of jumpers:           2
  Number of static variables:  0


MATRIX OF COVARIANCE OF EXOGENOUS SHOCKS
Variables           e         u
e            1.000000  0.000000
u            0.000000  1.000000

POLICY AND TRANSITION FUNCTIONS
                                   c               k               a           sigma
Constant                    0.323878        0.182181               0       -4.605170
k(-1)                       0.711111        0.400000               0               0
sigma(-1)                          0               0               0        0.900000
a(-1)                       0.291490        0.163963        0.900000               0
e                           0.003239        0.001822        0.010000               0
u                                  0               0               0        1.000000
k(-1),k(-1)                -1.170994       -0.658684               0               0
a(-1),k(-1)                 0.640000        0.360000               0               0
a(-1),a(-1)                 0.131171        0.073783               0               0
e,e                         0.000016        0.000009               0               0
u,e                         0.003239        0.001822        0.010000               0
k(-1),e                     0.007111        0.004000               0               0
sigma(-1),e                 0.002915        0.001640        0.009000               0
a(-1),e                     0.002915        0.001640               0               0


APPROXIMATED THEORETICAL MOMENTS
VARIABLE         MEAN  STD. DEV.   VARIANCE
c              0.3241     0.0118     0.0001
k              0.1823     0.0066     0.0000
a              0.0000     0.0229     0.0005
sigma         -4.6052     2.2942     5.2632



APPROXIMATED VARIANCE DECOMPOSITION (in percent)
              e       u
c        100.00    0.00
k        100.00    0.00
a        100.00    0.00
sigma      0.00  100.00



APPROXIMATED MATRIX OF CORRELATIONS
Variables         c       k       a   sigma
c            1.0000  1.0000  0.9824  0.0000
k            1.0000  1.0000  0.9824  0.0000
a            0.9824  0.9824  1.0000  0.0000
sigma        0.0000  0.0000  0.0000  1.0000



APPROXIMATED COEFFICIENTS OF AUTOCORRELATION
Order          1       2       3       4       5
c         0.9559  0.8826  0.8033  0.7266  0.6553
k         0.9559  0.8826  0.8033  0.7266  0.6553
a         0.9000  0.8100  0.7290  0.6561  0.5905
sigma     0.9000  0.8100  0.7290  0.6561  0.5905
Total computing time : 0h00m02s
